This is pdfTeX, Version 3.1415926-2.5-1.40.14 (TeX Live 2013/Debian) (format=pdflatex 2016.5.17)  6 JUN 2016 13:27
entering extended mode
 \write18 enabled.
 %&-line parsing enabled.
**titlepage.tex
(./titlepage.tex
LaTeX2e <2011/06/27>
Babel <3.9h> and hyphenation patterns for 78 languages loaded.
! Undefined control sequence.
\logo #1->\includegraphics 
                           [scale=0.7]{#1}
l.13 \logo{images/gne.png}
                          
The control sequence at the end of the top line
of your error message was never \def'ed. If you have
misspelled it (e.g., `\hobx'), type `I' and the correct
spelling (e.g., `I\hbox'). Otherwise just continue,
and I'll forget about whatever was undefined.


! LaTeX Error: Missing \begin{document}.

See the LaTeX manual or LaTeX Companion for explanation.
Type  H <return>  for immediate help.
 ...                                              
                                                  
l.13 \logo{images/gne.png}
                          
You're in trouble here.  Try typing  <return>  to proceed.
If that doesn't work, type  X <return>  to quit.

Missing character: There is no [ in font nullfont!
Missing character: There is no s in font nullfont!
Missing character: There is no c in font nullfont!
Missing character: There is no a in font nullfont!
Missing character: There is no l in font nullfont!
Missing character: There is no e in font nullfont!
Missing character: There is no = in font nullfont!
Missing character: There is no 0 in font nullfont!
Missing character: There is no . in font nullfont!
Missing character: There is no 7 in font nullfont!
Missing character: There is no ] in font nullfont!
Missing character: There is no i in font nullfont!
Missing character: There is no m in font nullfont!
Missing character: There is no a in font nullfont!
Missing character: There is no g in font nullfont!
Missing character: There is no e in font nullfont!
Missing character: There is no s in font nullfont!
Missing character: There is no / in font nullfont!
Missing character: There is no g in font nullfont!
Missing character: There is no n in font nullfont!
Missing character: There is no e in font nullfont!
Missing character: There is no . in font nullfont!
Missing character: There is no p in font nullfont!
Missing character: There is no n in font nullfont!
Missing character: There is no g in font nullfont!

Overfull \hbox (20.0pt too wide) in paragraph at lines 13--14
[] 
 []


! LaTeX Error: Missing \begin{document}.

See the LaTeX manual or LaTeX Companion for explanation.
Type  H <return>  for immediate help.
 ...                                              
                                                  
l.18  	}
        
You're in trouble here.  Try typing  <return>  to proceed.
If that doesn't work, type  X <return>  to quit.

! Undefined control sequence.
<recently read> \bf 
                    
l.18  	}
        
The control sequence at the end of the top line
of your error message was never \def'ed. If you have
misspelled it (e.g., `\hobx'), type `I' and the correct
spelling (e.g., `I\hbox'). Otherwise just continue,
and I'll forget about whatever was undefined.


Overfull \hbox (72.38899pt too wide) in paragraph at lines 18--18
[]\OT1/cmr/m/n/10 Department
 []


Overfull \hbox (8.05559pt too wide) in paragraph at lines 18--18
\OT1/cmr/m/n/10 of
 []


Overfull \hbox (12.50002pt too wide) in paragraph at lines 18--18
\OT1/cmr/m/n/10 In-
 []


Overfull \hbox (15.30559pt too wide) in paragraph at lines 18--18
\OT1/cmr/m/n/10 for-
 []


Overfull \hbox (16.6667pt too wide) in paragraph at lines 18--18
\OT1/cmr/m/n/10 ma-
 []


Overfull \hbox (17.22227pt too wide) in paragraph at lines 18--18
\OT1/cmr/m/n/10 tion
 []


Overfull \hbox (23.88889pt too wide) in paragraph at lines 18--18
\OT1/cmr/m/n/10 Tech-
 []


Overfull \hbox (16.6667pt too wide) in paragraph at lines 18--18
\OT1/cmr/m/n/10 nol-
 []


Overfull \hbox (15.27783pt too wide) in paragraph at lines 18--18
\OT1/cmr/m/n/10 ogy 
 []

! Undefined control sequence.
<argument> ...tion Technology \\\vskip 0.18in \bf 
                                                  Guru Nanak Dev Engineering...
l.18  	}
        
The control sequence at the end of the top line
of your error message was never \def'ed. If you have
misspelled it (e.g., `\hobx'), type `I' and the correct
spelling (e.g., `I\hbox'). Otherwise just continue,
and I'll forget about whatever was undefined.


! LaTeX Error: Missing \begin{document}.

See the LaTeX manual or LaTeX Companion for explanation.
Type  H <return>  for immediate help.
 ...                                              
                                                  
l.18  	}
        
You're in trouble here.  Try typing  <return>  to proceed.
If that doesn't work, type  X <return>  to quit.

Missing character: There is no â in font cmr10!
Missing character: There is no € in font cmr10!
Missing character: There is no “ in font cmr10!

Overfull \hbox (42.87505pt too wide) in paragraph at lines 18--19
[]\OT1/cmr/m/n/10 Guru
 []


Overfull \hbox (28.33342pt too wide) in paragraph at lines 18--19
\OT1/cmr/m/n/10 Nanak
 []


Overfull \hbox (17.36115pt too wide) in paragraph at lines 18--19
\OT1/cmr/m/n/10 Dev
 []


Overfull \hbox (15.69447pt too wide) in paragraph at lines 18--19
\OT1/cmr/m/n/10 En-
 []


Overfull \hbox (11.11113pt too wide) in paragraph at lines 18--19
\OT1/cmr/m/n/10 gi-
 []


Overfull \hbox (21.69446pt too wide) in paragraph at lines 18--19
\OT1/cmr/m/n/10 neer-
 []


Overfull \hbox (13.33337pt too wide) in paragraph at lines 18--19
\OT1/cmr/m/n/10 ing
 []


Overfull \hbox (18.33336pt too wide) in paragraph at lines 18--19
\OT1/cmr/m/n/10 Col-
 []


Overfull \hbox (16.66669pt too wide) in paragraph at lines 18--19
\OT1/cmr/m/n/10 lege
 []


Overfull \hbox (20.69449pt too wide) in paragraph at lines 18--19
\OT1/cmr/m/n/10 Lud-
 []


Overfull \hbox (11.66669pt too wide) in paragraph at lines 18--19
\OT1/cmr/m/n/10 hi-
 []


Overfull \hbox (15.5556pt too wide) in paragraph at lines 18--19
\OT1/cmr/m/n/10 ana
 []


Overfull \hbox (30.00009pt too wide) in paragraph at lines 18--19
\OT1/cmr/m/n/10 141006 
 []

)
! Emergency stop.
<*> titlepage.tex
                 
*** (job aborted, no legal \end found)

 
Here is how much of TeX's memory you used:
 23 strings out of 493304
 268 string characters out of 6139871
 51880 words of memory out of 5000000
 3582 multiletter control sequences out of 15000+600000
 3640 words of font info for 14 fonts, out of 8000000 for 9000
 957 hyphenation exceptions out of 8191
 16i,1n,15p,139b,78s stack positions out of 5000i,500n,10000p,200000b,80000s
!  ==> Fatal error occurred, no output PDF file produced!
