\BOOKMARK [0][]{chapter.1}{Introduction}{}% 1
\BOOKMARK [1][]{section.1.1}{Introduction to organisation}{chapter.1}% 2
\BOOKMARK [1][]{section.1.2}{Testing and Consutancy Cell}{chapter.1}% 3
\BOOKMARK [1][]{section.1.3}{Introduction to Project}{chapter.1}% 4
\BOOKMARK [2][]{subsection.1.3.1}{Bisection Method}{section.1.3}% 5
\BOOKMARK [2][]{subsection.1.3.2}{Secant Method}{section.1.3}% 6
\BOOKMARK [2][]{subsection.1.3.3}{Newton Raphson}{section.1.3}% 7
\BOOKMARK [2][]{subsection.1.3.4}{Gauss Jordan and Gauss Elimination}{section.1.3}% 8
\BOOKMARK [2][]{subsection.1.3.5}{Jacobi Method}{section.1.3}% 9
\BOOKMARK [2][]{subsection.1.3.6}{Gauss Seidel}{section.1.3}% 10
\BOOKMARK [2][]{subsection.1.3.7}{Euler's Method}{section.1.3}% 11
\BOOKMARK [2][]{subsection.1.3.8}{Modified Euler's Method}{section.1.3}% 12
\BOOKMARK [2][]{subsection.1.3.9}{Adam's Method}{section.1.3}% 13
\BOOKMARK [2][]{subsection.1.3.10}{RK Method}{section.1.3}% 14
\BOOKMARK [1][]{section.1.4}{Objectives}{chapter.1}% 15
\BOOKMARK [1][]{section.1.5}{Problem Formulation}{chapter.1}% 16
\BOOKMARK [1][]{section.1.6}{Recognization of Need}{chapter.1}% 17
\BOOKMARK [1][]{section.1.7}{Existing System}{chapter.1}% 18
\BOOKMARK [1][]{section.1.8}{Proposed System}{chapter.1}% 19
\BOOKMARK [1][]{section.1.9}{Unique Features of the System}{chapter.1}% 20
\BOOKMARK [0][]{chapter.2}{Requirement Analysis and System Specification}{}% 21
\BOOKMARK [1][]{section.2.1}{Feasibility Study}{chapter.2}% 22
\BOOKMARK [2][]{subsection.2.1.1}{Types of Feasibility}{section.2.1}% 23
\BOOKMARK [3][]{subsubsection.2.1.1.1}{Technical Feasibility}{subsection.2.1.1}% 24
\BOOKMARK [3][]{subsubsection.2.1.1.2}{Economic Feasibility}{subsection.2.1.1}% 25
\BOOKMARK [3][]{subsubsection.2.1.1.3}{Behavioral Feasibility}{subsection.2.1.1}% 26
\BOOKMARK [1][]{section.2.2}{Software Requirement Analysis}{chapter.2}% 27
\BOOKMARK [2][]{subsection.2.2.1}{Functional Requirements}{section.2.2}% 28
\BOOKMARK [1][]{section.2.3}{Facilities required for proposed work}{chapter.2}% 29
\BOOKMARK [2][]{subsection.2.3.1}{Hardware Requirements}{section.2.3}% 30
\BOOKMARK [2][]{subsection.2.3.2}{Software Requirements}{section.2.3}% 31
\BOOKMARK [1][]{section.2.4}{Methodology}{chapter.2}% 32
\BOOKMARK [1][]{section.2.5}{Project Work}{chapter.2}% 33
\BOOKMARK [0][]{chapter.3}{Implementation, Testing and Maintenance}{}% 34
\BOOKMARK [1][]{section.3.1}{Ubuntu: An open source OS}{chapter.3}% 35
\BOOKMARK [1][]{section.3.2}{Apache}{chapter.3}% 36
\BOOKMARK [2][]{subsection.3.2.1}{Features of Apache Server}{section.3.2}% 37
\BOOKMARK [2][]{subsection.3.2.2}{Installation of Apache Server}{section.3.2}% 38
\BOOKMARK [1][]{section.3.3}{Shell Scripting}{chapter.3}% 39
\BOOKMARK [1][]{section.3.4}{Introduction to LaTeX}{chapter.3}% 40
\BOOKMARK [2][]{subsection.3.4.1}{Typesetting}{section.3.4}% 41
\BOOKMARK [1][]{section.3.5}{Introduction to Github}{chapter.3}% 42
\BOOKMARK [2][]{subsection.3.5.1}{What is Git?}{section.3.5}% 43
\BOOKMARK [2][]{subsection.3.5.2}{Installation of Git}{section.3.5}% 44
\BOOKMARK [2][]{subsection.3.5.3}{Various Git Commands}{section.3.5}% 45
\BOOKMARK [3][]{subsubsection.3.5.3.1}{Create Repositories}{subsection.3.5.3}% 46
\BOOKMARK [3][]{subsubsection.3.5.3.2}{Make Changes}{subsection.3.5.3}% 47
\BOOKMARK [3][]{subsubsection.3.5.3.3}{Group Changes}{subsection.3.5.3}% 48
\BOOKMARK [3][]{subsubsection.3.5.3.4}{Save Fragments}{subsection.3.5.3}% 49
\BOOKMARK [3][]{subsubsection.3.5.3.5}{Synchronize Changes}{subsection.3.5.3}% 50
\BOOKMARK [1][]{section.3.6}{ Introduction to Octave}{chapter.3}% 51
\BOOKMARK [2][]{subsection.3.6.1}{Features of Doxygen}{section.3.6}% 52
\BOOKMARK [2][]{subsection.3.6.2}{Installation of Doxygen}{section.3.6}% 53
\BOOKMARK [0][]{chapter.4}{Experimental Results and Comparison}{}% 54
\BOOKMARK [0][]{chapter.5}{Conclusion,Summary and Future Scope}{}% 55
\BOOKMARK [1][]{section.5.1}{Future Scope}{chapter.5}% 56
